<?xml version="1.0" encoding="UTF-8"?>
<!-- Generated by org.testng.reporters.JUnitReportReporter -->
<testsuite skipped="0" hostname="DESKTOP-50K4H14" name="testngScripts.Demo2" tests="2" failures="0" timestamp="2020-04-14T12:48:46 EDT" time="0.007" errors="0">
  <testcase name="test_Demo2_01" time="0.000" classname="testngScripts.Demo2"/>
  <system-out/>
  <testcase name="test_Demo2_02" time="0.007" classname="testngScripts.Demo2"/>
  <system-out/>
</testsuite> <!-- testngScripts.Demo2 -->
