<?xml version="1.0" encoding="UTF-8"?>
<!-- Generated by org.testng.reporters.JUnitReportReporter -->
<testsuite skipped="0" hostname="DESKTOP-50K4H14" name="testngScripts.Demo" tests="1" failures="0" timestamp="2020-04-12T21:56:46 EDT" time="0.000" errors="0">
  <testcase name="demo" time="0.000" classname="testngScripts.Demo"/>
  <system-out/>
</testsuite> <!-- testngScripts.Demo -->
