<?xml version="1.0" encoding="UTF-8"?>
<!-- Generated by org.testng.reporters.JUnitReportReporter -->
<testsuite skipped="0" hostname="DESKTOP-50K4H14" name="testngScripts.TestDemo" tests="1" failures="0" timestamp="2020-04-12T12:45:19 EDT" time="0.026" errors="0">
  <testcase name="f" time="0.026" classname="testngScripts.TestDemo"/>
  <system-out/>
</testsuite> <!-- testngScripts.TestDemo -->
