<?xml version="1.0" encoding="UTF-8"?>
<!-- Generated by org.testng.reporters.JUnitReportReporter -->
<testsuite skipped="0" hostname="DESKTOP-50K4H14" name="testngScripts.Demo3" tests="1" failures="0" timestamp="2020-04-14T12:48:46 EDT" time="0.000" errors="0">
  <testcase name="test_demo3_01" time="0.000" classname="testngScripts.Demo3"/>
  <system-out/>
</testsuite> <!-- testngScripts.Demo3 -->
