<?xml version="1.0" encoding="UTF-8"?>
<!-- Generated by org.testng.reporters.JUnitReportReporter -->
<testsuite skipped="0" hostname="DESKTOP-50K4H14" name="testngScripts.Demo1" tests="4" failures="0" timestamp="2020-04-14T12:48:46 EDT" time="0.037" errors="0">
  <testcase name="testDemo02" time="0.014" classname="testngScripts.Demo1"/>
  <system-out/>
  <testcase name="testDemo03" time="0.008" classname="testngScripts.Demo1"/>
  <system-out/>
  <testcase name="testDemo01" time="0.010" classname="testngScripts.Demo1"/>
  <system-out/>
  <testcase name="testDemo04" time="0.005" classname="testngScripts.Demo1"/>
  <system-out/>
</testsuite> <!-- testngScripts.Demo1 -->
